2025-01-14 13:41:34,305 - INFO - 모델 학습 스크립트 시작
2025-01-14 13:41:34,305 - INFO - 데이터 로드 중...
2025-01-14 13:41:34,306 - ERROR - 오류 발생: [Errno 2] No such file or directory: 'train.csv'
Traceback (most recent call last):
  File "C:\GitHub\repo_hajunho.slack.com\ubuntu\python312\kaggle_windows\titanic\model_logs\007.py", line 138, in main
    train_data = pd.read_csv('train.csv')
                 ^^^^^^^^^^^^^^^^^^^^^^^^
  File "C:\GitHub\repo_hajunho.slack.com\AIprojects\face_blur\fastApiProject\.venv\Lib\site-packages\pandas\io\parsers\readers.py", line 1026, in read_csv
    return _read(filepath_or_buffer, kwds)
           ^^^^^^^^^^^^^^^^^^^^^^^^^^^^^^^
  File "C:\GitHub\repo_hajunho.slack.com\AIprojects\face_blur\fastApiProject\.venv\Lib\site-packages\pandas\io\parsers\readers.py", line 620, in _read
    parser = TextFileReader(filepath_or_buffer, **kwds)
             ^^^^^^^^^^^^^^^^^^^^^^^^^^^^^^^^^^^^^^^^^^
  File "C:\GitHub\repo_hajunho.slack.com\AIprojects\face_blur\fastApiProject\.venv\Lib\site-packages\pandas\io\parsers\readers.py", line 1620, in __init__
    self._engine = self._make_engine(f, self.engine)
                   ^^^^^^^^^^^^^^^^^^^^^^^^^^^^^^^^^
  File "C:\GitHub\repo_hajunho.slack.com\AIprojects\face_blur\fastApiProject\.venv\Lib\site-packages\pandas\io\parsers\readers.py", line 1880, in _make_engine
    self.handles = get_handle(
                   ^^^^^^^^^^^
  File "C:\GitHub\repo_hajunho.slack.com\AIprojects\face_blur\fastApiProject\.venv\Lib\site-packages\pandas\io\common.py", line 873, in get_handle
    handle = open(
             ^^^^^
FileNotFoundError: [Errno 2] No such file or directory: 'train.csv'
