2025-01-14 13:41:51,257 - INFO - 모델 학습 스크립트 시작
2025-01-14 13:41:51,257 - INFO - 데이터 로드 중...
2025-01-14 13:41:51,263 - INFO - 데이터 로드 완료
2025-01-14 13:41:51,263 - INFO - 데이터 전처리 시작
2025-01-14 13:41:51,264 - INFO - 데이터 전처리 시작
2025-01-14 13:41:51,276 - INFO - 데이터 전처리 완료
2025-01-14 13:41:51,277 - INFO - 데이터 전처리 시작
2025-01-14 13:41:51,287 - INFO - 데이터 전처리 완료
2025-01-14 13:41:51,290 - INFO - 데이터 전처리 시간: 0.03초
2025-01-14 13:41:51,290 - INFO - 최종 결측치 처리 중...
2025-01-14 13:41:51,296 - INFO - 그리드 서치 파라미터 설정
2025-01-14 13:41:51,296 - INFO - 랜덤 포레스트 그리드 서치 시작
2025-01-14 13:46:48,206 - INFO - Best Random Forest Parameters: {'max_depth': 8, 'max_features': None, 'min_samples_leaf': 1, 'min_samples_split': 4, 'n_estimators': 800}
2025-01-14 13:46:48,206 - INFO - Best RF CV Score: 0.8258150300403824
2025-01-14 13:46:48,206 - INFO - 그래디언트 부스팅 그리드 서치 시작
2025-01-14 13:58:25,561 - INFO - Best Gradient Boosting Parameters: {'learning_rate': 0.01, 'max_depth': 4, 'min_samples_leaf': 2, 'min_samples_split': 2, 'n_estimators': 800, 'subsample': 1.0}
2025-01-14 13:58:25,561 - INFO - Best GB CV Score: 0.8314192849404117
2025-01-14 13:58:25,561 - INFO - 최적 가중치 탐색 중...
2025-01-14 13:58:25,612 - INFO - 최적 가중치: RF=0.80, GB=0.20
2025-01-14 13:58:25,612 - INFO - 테스트 세트 예측 중...
2025-01-14 13:58:25,669 - INFO - 제출 파일 생성 중...
2025-01-14 13:58:25,671 - INFO - 제출 파일 생성 완료
2025-01-14 13:58:25,671 - INFO - 특성 중요도 분석 중...
2025-01-14 13:58:25,715 - INFO - 
Feature Importance:
          feature  rf_importance  gb_importance
1             Sex       0.362620       0.382604
0          Pclass       0.099734       0.104038
17      Age*Class       0.088965       0.085233
16  FarePerPerson       0.078474       0.076384
19       Age*Fare       0.073136       0.066960
18     Fare*Class       0.050314       0.043178
3            Fare       0.043352       0.036140
2             Age       0.041985       0.034044
5      FamilySize       0.037084       0.038250
13      TicketLen       0.034220       0.047473
11           Deck       0.029363       0.018656
4        Embarked       0.014441       0.008442
12   TicketPrefix       0.013587       0.015040
7           Title       0.012277       0.037827
8          AgeBin       0.009456       0.002347
9         FareBin       0.005727       0.001870
10       HasCabin       0.002787       0.000158
6         IsAlone       0.001320       0.000353
15      IsElderly       0.000604       0.000800
14        IsChild       0.000554       0.000200
2025-01-14 13:58:25,715 - INFO - 모델 학습 스크립트 완료
