2025-01-14 13:34:14,192 - INFO - 모델 학습 스크립트 시작.
2025-01-14 13:34:14,192 - INFO - 데이터 로드 중...
2025-01-14 13:34:14,198 - INFO - 데이터 로드 완료.
2025-01-14 13:34:14,198 - INFO - 데이터 전처리 시작.
2025-01-14 13:34:14,199 - INFO - 데이터 전처리 시작.
2025-01-14 13:34:14,205 - INFO - 데이터 전처리 완료.
2025-01-14 13:34:14,206 - INFO - 데이터 전처리 시작.
2025-01-14 13:34:14,211 - INFO - 데이터 전처리 완료.
2025-01-14 13:34:14,212 - INFO - 데이터 전처리 시간: 0.01초
2025-01-14 13:34:14,212 - INFO - 최종 결측치 처리 중...
2025-01-14 13:34:14,216 - INFO - 최종 결측치 처리 시간: 0.00초
2025-01-14 13:34:14,217 - INFO - 그리드 서치 파라미터 설정 중...
2025-01-14 13:34:14,217 - INFO - 그리드 서치 파라미터 설정 완료.
2025-01-14 13:34:14,217 - INFO - 랜덤 포레스트 그리드 서치 시작.
2025-01-14 13:35:01,855 - INFO - 랜덤 포레스트 그리드 서치 완료. 소요 시간: 47.64초
2025-01-14 13:35:01,855 - INFO - 그라디언트 부스팅 그리드 서치 시작.
2025-01-14 13:36:16,974 - INFO - 그라디언트 부스팅 그리드 서치 완료. 소요 시간: 75.12초
2025-01-14 13:36:16,974 - INFO - 최적 파라미터 및 스코어 출력 중...
2025-01-14 13:36:16,974 - INFO - Best Random Forest Parameters: {'max_depth': 4, 'min_samples_leaf': 4, 'min_samples_split': 2, 'n_estimators': 800}
2025-01-14 13:36:16,974 - INFO - Best RF CV Score: 0.8338647919151342
2025-01-14 13:36:16,974 - INFO - Best Gradient Boosting Parameters: {'learning_rate': 0.01, 'max_depth': 4, 'min_samples_leaf': 2, 'min_samples_split': 2, 'n_estimators': 800}
2025-01-14 13:36:16,974 - INFO - Best GB CV Score: 0.8451195781809051
2025-01-14 13:36:16,974 - INFO - 최적화된 모델로 예측 중...
2025-01-14 13:36:17,022 - INFO - 앙상블 예측 수행 중...
2025-01-14 13:36:17,022 - INFO - 제출 파일 생성 중...
2025-01-14 13:36:17,024 - INFO - 제출 파일 'submission.csv' 생성 완료.
2025-01-14 13:36:17,024 - INFO - 특성 중요도 출력 중...
2025-01-14 13:36:17,064 - INFO - 
Feature Importance:
2025-01-14 13:36:17,066 - INFO -    feature  rf_importance  gb_importance
     Title       0.305837       0.478760
       Sex       0.276692       0.011844
    Pclass       0.109285       0.115902
      Fare       0.098084       0.197153
FamilySize       0.070397       0.058309
   FareBin       0.052608       0.008647
       Age       0.046746       0.110411
    AgeBin       0.018937       0.001727
  Embarked       0.012559       0.014969
   IsAlone       0.008854       0.002278
2025-01-14 13:36:17,066 - INFO - 모델 학습 스크립트 완료.
